app/build/outputs/logs/manifest-merger-debug-report.txt
-- Merging decision tree log ---
manifest
ADDED from src/main/AndroidManifest.xml:2:1-120:12
INJECTED from src/main/AndroidManifest.xml:2:1-120:12
INJECTED from src/main/AndroidManifest.xml:2:1-120:12
INJECTED from src/main/AndroidManifest.xml:2:1-120:12
MERGED from [com.onesignal:OneSignal:3.10.8] AndroidManifest.xml:2:1-107:12
MERGED from [com.google.android.gms:play-services-gcm:16.1.0] AndroidManifest.xml:17:1-28:12
MERGED from [com.google.android.gms:play-services-ads:16.0.0] AndroidManifest.xml:17:1-25:12
MERGED from [com.google.android.gms:play-services-analytics:16.0.8] AndroidManifest.xml:17:1-47:12
MERGED from [com.google.firebase:firebase-messaging:15.0.2] AndroidManifest.xml:17:1-37:12
MERGED from [com.google.android.gms:play-services-iid:16.0.1] AndroidManifest.xml:17:1-28:12
MERGED from [com.google.android.gms:play-services-tagmanager-v4-impl:16.0.8] AndroidManifest.xml:17:1-24:12
MERGED from [com.google.android.gms:play-services-analytics-impl:16.0.8] AndroidManifest.xml:17:1-31:12
MERGED from [com.google.android.gms:play-services-location:16.0.0] AndroidManifest.xml:2:1-9:12
MERGED from [com.google.firebase:firebase-core:16.0.8] AndroidManifest.xml:2:1-9:12
MERGED from [com.google.firebase:firebase-analytics:16.4.0] AndroidManifest.xml:2:1-9:12
MERGED from [com.google.android.gms:play-services-measurement-api:16.4.0] AndroidManifest.xml:17:1-36:12
MERGED from [com.google.firebase:firebase-iid:16.2.0] AndroidManifest.xml:17:1-65:12
MERGED from [com.google.firebase:firebase-iid-interop:16.0.1] AndroidManifest.xml:2:1-10:12
MERGED from [com.google.android.gms:play-services-base:16.1.0] AndroidManifest.xml:17:1-29:12
MERGED from [com.google.android.gms:play-services-measurement:16.4.0] AndroidManifest.xml:17:1-55:12
MERGED from [com.google.android.gms:play-services-measurement-sdk:16.4.0] AndroidManifest.xml:17:1-25:12
MERGED from [com.google.android.gms:play-services-measurement-impl:16.4.0] AndroidManifest.xml:17:1-40:12
MERGED from [com.google.android.gms:play-services-stats:16.0.1] AndroidManifest.xml:2:1-9:12
MERGED from [com.google.android.gms:play-services-ads-identifier:16.0.0] AndroidManifest.xml:17:1-24:12
MERGED from [com.google.android.gms:play-services-ads-lite:16.0.0] AndroidManifest.xml:17:1-36:12
MERGED from [com.google.android.gms:play-services-gass:16.0.0] AndroidManifest.xml:2:1-9:12
MERGED from [com.google.firebase:firebase-common:16.1.0] AndroidManifest.xml:2:1-19:12
MERGED from [com.google.android.gms:play-services-tasks:16.0.1] AndroidManifest.xml:2:1-9:12
MERGED from [com.google.firebase:firebase-measurement-connector:16.0.0] AndroidManifest.xml:17:1-25:12
MERGED from [com.google.android.gms:play-services-places-placereport:16.0.0] AndroidManifest.xml:17:1-24:12
MERGED from [com.google.android.gms:play-services-measurement-sdk-api:16.4.0] AndroidManifest.xml:17:1-30:12
MERGED from [com.google.android.gms:play-services-measurement-base:16.4.0] AndroidManifest.xml:2:1-9:12
MERGED from [com.google.android.gms:play-services-basement:16.2.0] AndroidManifest.xml:17:1-28:12
MERGED from [com.facebook.android:facebook-android-sdk:4.42.0] AndroidManifest.xml:21:1-31:12
MERGED from [com.facebook.android:facebook-login:4.42.0] AndroidManifest.xml:21:1-31:12
MERGED from [com.facebook.android:facebook-share:4.42.0] AndroidManifest.xml:21:1-31:12
MERGED from [com.facebook.android:facebook-common:4.42.0] AndroidManifest.xml:21:1-37:12
MERGED from [com.android.support:support-v4:28.0.0] AndroidManifest.xml:17:1-22:12
MERGED from [com.android.support:design:28.0.0] AndroidManifest.xml:17:1-24:12
MERGED from [com.android.support:appcompat-v7:28.0.0] AndroidManifest.xml:17:1-22:12
MERGED from [com.android.support.constraint:constraint-layout:1.1.3] AndroidManifest.xml:2:1-11:12
MERGED from [com.yandex.android:mobmetricalib:3.5.3] AndroidManifest.xml:9:1-81:12
MERGED from [com.android.installreferrer:installreferrer:1.0] AndroidManifest.xml:2:1-13:12
MERGED from [com.appsflyer:af-android-sdk:4.9.0] AndroidManifest.xml:2:1-14:12
MERGED from [com.android.support:support-media-compat:28.0.0] AndroidManifest.xml:17:1-22:12
MERGED from [com.android.support:support-fragment:28.0.0] AndroidManifest.xml:17:1-22:12
MERGED from [com.android.support:animated-vector-drawable:28.0.0] AndroidManifest.xml:17:1-22:12
MERGED from [com.android.support:recyclerview-v7:28.0.0] AndroidManifest.xml:17:1-22:12
MERGED from [com.android.support:customtabs:28.0.0] AndroidManifest.xml:17:1-22:12
MERGED from [com.android.support:support-core-ui:28.0.0] AndroidManifest.xml:17:1-22:12
MERGED from [com.facebook.android:facebook-places:4.42.0] AndroidManifest.xml:21:1-31:12
MERGED from [com.facebook.android:facebook-applinks:4.42.0] AndroidManifest.xml:21:1-31:12
MERGED from [com.facebook.android:facebook-messenger:4.42.0] AndroidManifest.xml:21:1-31:12
MERGED from [com.facebook.android:facebook-core:4.42.0] AndroidManifest.xml:21:1-53:12
MERGED from [com.android.support:support-core-utils:28.0.0] AndroidManifest.xml:17:1-22:12
MERGED from [com.android.support:support-vector-drawable:28.0.0] AndroidManifest.xml:17:1-22:12
MERGED from [com.android.support:transition:28.0.0] AndroidManifest.xml:17:1-22:12
MERGED from [com.android.support:loader:28.0.0] AndroidManifest.xml:17:1-22:12
MERGED from [com.android.support:viewpager:28.0.0] AndroidManifest.xml:17:1-22:12
MERGED from [com.android.support:coordinatorlayout:28.0.0] AndroidManifest.xml:17:1-22:12
MERGED from [com.android.support:drawerlayout:28.0.0] AndroidManifest.xml:17:1-22:12
MERGED from [com.android.support:slidingpanelayout:28.0.0] AndroidManifest.xml:17:1-22:12
MERGED from [com.android.support:customview:28.0.0] AndroidManifest.xml:17:1-22:12
MERGED from [com.android.support:swiperefreshlayout:28.0.0] AndroidManifest.xml:17:1-22:12
MERGED from [com.android.support:asynclayoutinflater:28.0.0] AndroidManifest.xml:17:1-22:12
MERGED from [com.android.support:support-compat:28.0.0] AndroidManifest.xml:17:1-24:12
MERGED from [com.android.support:versionedparcelable:28.0.0] AndroidManifest.xml:17:1-25:12
MERGED from [com.android.support:cursoradapter:28.0.0] AndroidManifest.xml:17:1-22:12
MERGED from [com.android.support:cardview-v7:28.0.0] AndroidManifest.xml:17:1-22:12
MERGED from [android.arch.lifecycle:runtime:1.1.1] AndroidManifest.xml:17:1-22:12
MERGED from [com.android.support:documentfile:28.0.0] AndroidManifest.xml:17:1-22:12
MERGED from [com.android.support:localbroadcastmanager:28.0.0] AndroidManifest.xml:17:1-22:12
MERGED from [com.android.support:print:28.0.0] AndroidManifest.xml:17:1-22:12
MERGED from [com.android.support:interpolator:28.0.0] AndroidManifest.xml:17:1-22:12
MERGED from [android.arch.lifecycle:viewmodel:1.1.1] AndroidManifest.xml:17:1-22:12
MERGED from [android.arch.lifecycle:livedata:1.1.1] AndroidManifest.xml:17:1-22:12
MERGED from [android.arch.lifecycle:livedata-core:1.1.1] AndroidManifest.xml:17:1-22:12
MERGED from [android.arch.core:runtime:1.1.1] AndroidManifest.xml:17:1-22:12
MERGED from [com.google.android.gms:play-services-ads-base:16.0.0] AndroidManifest.xml:17:1-24:12
INJECTED from src/main/AndroidManifest.xml:2:1-120:12
INJECTED from src/main/AndroidManifest.xml:2:1-120:12
INJECTED from src/main/AndroidManifest.xml:2:1-120:12
	package
		ADDED from src/main/AndroidManifest.xml:4:5-31
		INJECTED from src/main/AndroidManifest.xml
		INJECTED from src/main/AndroidManifest.xml
	android:versionName
		INJECTED from src/main/AndroidManifest.xml
		ADDED from src/main/AndroidManifest.xml:2:1-120:12
		INJECTED from src/main/AndroidManifest.xml
	xmlns:tools
		ADDED from src/main/AndroidManifest.xml:3:5-51
	android:versionCode
		INJECTED from src/main/AndroidManifest.xml
		ADDED from src/main/AndroidManifest.xml:2:1-120:12
		INJECTED from src/main/AndroidManifest.xml
	xmlns:android
		ADDED from src/main/AndroidManifest.xml:2:11-69
uses-permission#android.permission.INTERNET
ADDED from src/main/AndroidManifest.xml:6:5-67
MERGED from [com.onesignal:OneSignal:3.10.8] AndroidManifest.xml:17:5-67
MERGED from [com.onesignal:OneSignal:3.10.8] AndroidManifest.xml:17:5-67
MERGED from [com.google.android.gms:play-services-gcm:16.1.0] AndroidManifest.xml:24:5-67
MERGED from [com.google.android.gms:play-services-gcm:16.1.0] AndroidManifest.xml:24:5-67
MERGED from [com.google.android.gms:play-services-analytics:16.0.8] AndroidManifest.xml:23:5-67
MERGED from [com.google.android.gms:play-services-analytics:16.0.8] AndroidManifest.xml:23:5-67
MERGED from [com.google.android.gms:play-services-iid:16.0.1] AndroidManifest.xml:24:5-67
MERGED from [com.google.android.gms:play-services-iid:16.0.1] AndroidManifest.xml:24:5-67
MERGED from [com.google.android.gms:play-services-analytics-impl:16.0.8] AndroidManifest.xml:23:5-67
MERGED from [com.google.android.gms:play-services-analytics-impl:16.0.8] AndroidManifest.xml:23:5-67
MERGED from [com.google.android.gms:play-services-measurement-api:16.4.0] AndroidManifest.xml:22:5-67
MERGED from [com.google.android.gms:play-services-measurement-api:16.4.0] AndroidManifest.xml:22:5-67
MERGED from [com.google.firebase:firebase-iid:16.2.0] AndroidManifest.xml:23:5-67
MERGED from [com.google.firebase:firebase-iid:16.2.0] AndroidManifest.xml:23:5-67
MERGED from [com.google.android.gms:play-services-measurement:16.4.0] AndroidManifest.xml:23:5-67
MERGED from [com.google.android.gms:play-services-measurement:16.4.0] AndroidManifest.xml:23:5-67
MERGED from [com.google.android.gms:play-services-measurement-impl:16.4.0] AndroidManifest.xml:23:5-67
MERGED from [com.google.android.gms:play-services-measurement-impl:16.4.0] AndroidManifest.xml:23:5-67
MERGED from [com.google.android.gms:play-services-ads-lite:16.0.0] AndroidManifest.xml:23:5-67
MERGED from [com.google.android.gms:play-services-ads-lite:16.0.0] AndroidManifest.xml:23:5-67
MERGED from [com.google.android.gms:play-services-measurement-sdk-api:16.4.0] AndroidManifest.xml:23:5-67
MERGED from [com.google.android.gms:play-services-measurement-sdk-api:16.4.0] AndroidManifest.xml:23:5-67
MERGED from [com.yandex.android:mobmetricalib:3.5.3] AndroidManifest.xml:20:5-67
MERGED from [com.yandex.android:mobmetricalib:3.5.3] AndroidManifest.xml:20:5-67
	android:name
		ADDED from src/main/AndroidManifest.xml:6:22-64
uses-permission#android.permission.WRITE_EXTERNAL_STORAGE
ADDED from src/main/AndroidManifest.xml:7:5-81
	android:name
		ADDED from src/main/AndroidManifest.xml:7:22-78
uses-permission#android.permission.ACCESS_NETWORK_STATE
ADDED from src/main/AndroidManifest.xml:8:5-79
MERGED from [com.onesignal:OneSignal:3.10.8] AndroidManifest.xml:25:5-79
MERGED from [com.onesignal:OneSignal:3.10.8] AndroidManifest.xml:25:5-79
MERGED from [com.google.android.gms:play-services-analytics:16.0.8] AndroidManifest.xml:24:5-79
MERGED from [com.google.android.gms:play-services-analytics:16.0.8] AndroidManifest.xml:24:5-79
MERGED from [com.google.android.gms:play-services-analytics-impl:16.0.8] AndroidManifest.xml:24:5-79
MERGED from [com.google.android.gms:play-services-analytics-impl:16.0.8] AndroidManifest.xml:24:5-79
MERGED from [com.google.android.gms:play-services-measurement-api:16.4.0] AndroidManifest.xml:23:5-79
MERGED from [com.google.android.gms:play-services-measurement-api:16.4.0] AndroidManifest.xml:23:5-79
MERGED from [com.google.firebase:firebase-iid:16.2.0] AndroidManifest.xml:22:5-79
MERGED from [com.google.firebase:firebase-iid:16.2.0] AndroidManifest.xml:22:5-79
MERGED from [com.google.android.gms:play-services-measurement:16.4.0] AndroidManifest.xml:24:5-79
MERGED from [com.google.android.gms:play-services-measurement:16.4.0] AndroidManifest.xml:24:5-79
MERGED from [com.google.android.gms:play-services-measurement-impl:16.4.0] AndroidManifest.xml:24:5-79
MERGED from [com.google.android.gms:play-services-measurement-impl:16.4.0] AndroidManifest.xml:24:5-79
MERGED from [com.google.android.gms:play-services-ads-lite:16.0.0] AndroidManifest.xml:24:5-79
MERGED from [com.google.android.gms:play-services-ads-lite:16.0.0] AndroidManifest.xml:24:5-79
MERGED from [com.google.android.gms:play-services-measurement-sdk-api:16.4.0] AndroidManifest.xml:24:5-79
MERGED from [com.google.android.gms:play-services-measurement-sdk-api:16.4.0] AndroidManifest.xml:24:5-79
MERGED from [com.yandex.android:mobmetricalib:3.5.3] AndroidManifest.xml:21:5-79
MERGED from [com.yandex.android:mobmetricalib:3.5.3] AndroidManifest.xml:21:5-79
MERGED from [com.appsflyer:af-android-sdk:4.9.0] AndroidManifest.xml:9:5-79
MERGED from [com.appsflyer:af-android-sdk:4.9.0] AndroidManifest.xml:9:5-79
	android:name
		ADDED from src/main/AndroidManifest.xml:8:22-76
uses-permission#android.permission.RECEIVE_BOOT_COMPLETED
ADDED from src/main/AndroidManifest.xml:9:5-81
MERGED from [com.onesignal:OneSignal:3.10.8] AndroidManifest.xml:30:5-81
MERGED from [com.onesignal:OneSignal:3.10.8] AndroidManifest.xml:30:5-81
	android:name
		ADDED from src/main/AndroidManifest.xml:9:22-78
uses-permission#android.permission.VIBRATE
ADDED from src/main/AndroidManifest.xml:10:5-66
MERGED from [com.onesignal:OneSignal:3.10.8] AndroidManifest.xml:24:5-66
MERGED from [com.onesignal:OneSignal:3.10.8] AndroidManifest.xml:24:5-66
	android:name
		ADDED from src/main/AndroidManifest.xml:10:22-63
uses-permission#android.permission.WAKE_LOCK
ADDED from src/main/AndroidManifest.xml:11:5-68
MERGED from [com.onesignal:OneSignal:3.10.8] AndroidManifest.xml:19:5-68
MERGED from [com.onesignal:OneSignal:3.10.8] AndroidManifest.xml:19:5-68
MERGED from [com.google.android.gms:play-services-analytics:16.0.8] AndroidManifest.xml:27:5-68
MERGED from [com.google.android.gms:play-services-analytics:16.0.8] AndroidManifest.xml:27:5-68
MERGED from [com.google.android.gms:play-services-analytics-impl:16.0.8] AndroidManifest.xml:27:5-68
MERGED from [com.google.android.gms:play-services-analytics-impl:16.0.8] AndroidManifest.xml:27:5-68
MERGED from [com.google.android.gms:play-services-measurement-api:16.4.0] AndroidManifest.xml:24:5-68
MERGED from [com.google.android.gms:play-services-measurement-api:16.4.0] AndroidManifest.xml:24:5-68
MERGED from [com.google.firebase:firebase-iid:16.2.0] AndroidManifest.xml:24:5-68
MERGED from [com.google.firebase:firebase-iid:16.2.0] AndroidManifest.xml:24:5-68
MERGED from [com.google.android.gms:play-services-measurement:16.4.0] AndroidManifest.xml:25:5-68
MERGED from [com.google.android.gms:play-services-measurement:16.4.0] AndroidManifest.xml:25:5-68
MERGED from [com.google.android.gms:play-services-measurement-impl:16.4.0] AndroidManifest.xml:25:5-68
MERGED from [com.google.android.gms:play-services-measurement-impl:16.4.0] AndroidManifest.xml:25:5-68
MERGED from [com.google.android.gms:play-services-measurement-sdk-api:16.4.0] AndroidManifest.xml:25:5-68
MERGED from [com.google.android.gms:play-services-measurement-sdk-api:16.4.0] AndroidManifest.xml:25:5-68
	android:name
		ADDED from src/main/AndroidManifest.xml:11:22-65
uses-permission#android.permission.GET_ACCOUNTS
ADDED from src/main/AndroidManifest.xml:12:5-71
	android:name
		ADDED from src/main/AndroidManifest.xml:12:22-68
uses-permission#android.permission.ACCESS_FINE_LOCATION
ADDED from src/main/AndroidManifest.xml:13:5-79
	android:name
		ADDED from src/main/AndroidManifest.xml:13:22-76
uses-permission#com.google.android.c2dm.permission.RECEIVE
ADDED from src/main/AndroidManifest.xml:14:5-82
MERGED from [com.onesignal:OneSignal:3.10.8] AndroidManifest.xml:18:5-82
MERGED from [com.onesignal:OneSignal:3.10.8] AndroidManifest.xml:18:5-82
MERGED from [com.google.android.gms:play-services-gcm:16.1.0] AndroidManifest.xml:23:5-82
MERGED from [com.google.android.gms:play-services-gcm:16.1.0] AndroidManifest.xml:23:5-82
MERGED from [com.google.android.gms:play-services-iid:16.0.1] AndroidManifest.xml:23:5-82
MERGED from [com.google.android.gms:play-services-iid:16.0.1] AndroidManifest.xml:23:5-82
MERGED from [com.google.firebase:firebase-iid:16.2.0] AndroidManifest.xml:26:5-82
MERGED from [com.google.firebase:firebase-iid:16.2.0] AndroidManifest.xml:26:5-82
	android:name
		ADDED from src/main/AndroidManifest.xml:14:22-79
uses-permission#android.permission.ACCESS_COARSE_LOCATION
ADDED from src/main/AndroidManifest.xml:15:5-81
	android:name
		ADDED from src/main/AndroidManifest.xml:15:22-78
uses-permission#android.permission.ACCESS_WIFI_STATE
ADDED from src/main/AndroidManifest.xml:17:5-76
	android:name
		ADDED from src/main/AndroidManifest.xml:17:22-73
application
ADDED from src/main/AndroidManifest.xml:19:5-118:19
MERGED from [com.onesignal:OneSignal:3.10.8] AndroidManifest.xml:49:5-105:19
MERGED from [com.onesignal:OneSignal:3.10.8] AndroidManifest.xml:49:5-105:19
MERGED from [com.google.android.gms:play-services-gcm:16.1.0] AndroidManifest.xml:26:5-20
MERGED from [com.google.android.gms:play-services-gcm:16.1.0] AndroidManifest.xml:26:5-20
MERGED from [com.google.android.gms:play-services-analytics:16.0.8] AndroidManifest.xml:29:5-45:19
MERGED from [com.google.android.gms:play-services-analytics:16.0.8] AndroidManifest.xml:29:5-45:19
MERGED from [com.google.firebase:firebase-messaging:15.0.2] AndroidManifest.xml:22:5-35:19
MERGED from [com.google.firebase:firebase-messaging:15.0.2] AndroidManifest.xml:22:5-35:19
MERGED from [com.google.android.gms:play-services-iid:16.0.1] AndroidManifest.xml:26:5-20
MERGED from [com.google.android.gms:play-services-iid:16.0.1] AndroidManifest.xml:26:5-20
MERGED from [com.google.android.gms:play-services-tagmanager-v4-impl:16.0.8] AndroidManifest.xml:22:5-20
MERGED from [com.google.android.gms:play-services-tagmanager-v4-impl:16.0.8] AndroidManifest.xml:22:5-20
MERGED from [com.google.android.gms:play-services-analytics-impl:16.0.8] AndroidManifest.xml:29:5-20
MERGED from [com.google.android.gms:play-services-analytics-impl:16.0.8] AndroidManifest.xml:29:5-20
MERGED from [com.google.android.gms:play-services-location:16.0.0] AndroidManifest.xml:7:5-20
MERGED from [com.google.android.gms:play-services-location:16.0.0] AndroidManifest.xml:7:5-20
MERGED from [com.google.firebase:firebase-core:16.0.8] AndroidManifest.xml:7:5-20
MERGED from [com.google.firebase:firebase-core:16.0.8] AndroidManifest.xml:7:5-20
MERGED from [com.google.firebase:firebase-analytics:16.4.0] AndroidManifest.xml:7:5-20
MERGED from [com.google.firebase:firebase-analytics:16.4.0] AndroidManifest.xml:7:5-20
MERGED from [com.google.android.gms:play-services-measurement-api:16.4.0] AndroidManifest.xml:26:5-34:19
MERGED from [com.google.android.gms:play-services-measurement-api:16.4.0] AndroidManifest.xml:26:5-34:19
MERGED from [com.google.firebase:firebase-iid:16.2.0] AndroidManifest.xml:34:5-63:19
MERGED from [com.google.firebase:firebase-iid:16.2.0] AndroidManifest.xml:34:5-63:19
MERGED from [com.google.firebase:firebase-iid-interop:16.0.1] AndroidManifest.xml:7:5-8:19
MERGED from [com.google.firebase:firebase-iid-interop:16.0.1] AndroidManifest.xml:7:5-8:19
MERGED from [com.google.android.gms:play-services-base:16.1.0] AndroidManifest.xml:22:5-27:19
MERGED from [com.google.android.gms:play-services-base:16.1.0] AndroidManifest.xml:22:5-27:19
MERGED from [com.google.android.gms:play-services-measurement:16.4.0] AndroidManifest.xml:28:5-53:19
MERGED from [com.google.android.gms:play-services-measurement:16.4.0] AndroidManifest.xml:28:5-53:19
MERGED from [com.google.android.gms:play-services-measurement-sdk:16.4.0] AndroidManifest.xml:22:5-23:19
MERGED from [com.google.android.gms:play-services-measurement-sdk:16.4.0] AndroidManifest.xml:22:5-23:19
MERGED from [com.google.android.gms:play-services-measurement-impl:16.4.0] AndroidManifest.xml:28:5-38:19
MERGED from [com.google.android.gms:play-services-measurement-impl:16.4.0] AndroidManifest.xml:28:5-38:19
MERGED from [com.google.android.gms:play-services-stats:16.0.1] AndroidManifest.xml:7:5-20
MERGED from [com.google.android.gms:play-services-stats:16.0.1] AndroidManifest.xml:7:5-20
MERGED from [com.google.android.gms:play-services-ads-identifier:16.0.0] AndroidManifest.xml:22:5-20
MERGED from [com.google.android.gms:play-services-ads-identifier:16.0.0] AndroidManifest.xml:22:5-20
MERGED from [com.google.android.gms:play-services-ads-lite:16.0.0] AndroidManifest.xml:26:5-34:19
MERGED from [com.google.android.gms:play-services-ads-lite:16.0.0] AndroidManifest.xml:26:5-34:19
MERGED from [com.google.android.gms:play-services-gass:16.0.0] AndroidManifest.xml:7:5-20
MERGED from [com.google.android.gms:play-services-gass:16.0.0] AndroidManifest.xml:7:5-20
MERGED from [com.google.firebase:firebase-common:16.1.0] AndroidManifest.xml:11:5-17:19
MERGED from [com.google.firebase:firebase-common:16.1.0] AndroidManifest.xml:11:5-17:19
MERGED from [com.google.android.gms:play-services-tasks:16.0.1] AndroidManifest.xml:7:5-20
MERGED from [com.google.android.gms:play-services-tasks:16.0.1] AndroidManifest.xml:7:5-20
MERGED from [com.google.firebase:firebase-measurement-connector:16.0.0] AndroidManifest.xml:22:5-23:19
MERGED from [com.google.firebase:firebase-measurement-connector:16.0.0] AndroidManifest.xml:22:5-23:19
MERGED from [com.google.android.gms:play-services-places-placereport:16.0.0] AndroidManifest.xml:22:5-20
MERGED from [com.google.android.gms:play-services-places-placereport:16.0.0] AndroidManifest.xml:22:5-20
MERGED from [com.google.android.gms:play-services-measurement-sdk-api:16.4.0] AndroidManifest.xml:27:5-28:19
MERGED from [com.google.android.gms:play-services-measurement-sdk-api:16.4.0] AndroidManifest.xml:27:5-28:19
MERGED from [com.google.android.gms:play-services-measurement-base:16.4.0] AndroidManifest.xml:7:5-20
MERGED from [com.google.android.gms:play-services-measurement-base:16.4.0] AndroidManifest.xml:7:5-20
MERGED from [com.google.android.gms:play-services-basement:16.2.0] AndroidManifest.xml:22:5-26:19
MERGED from [com.google.android.gms:play-services-basement:16.2.0] AndroidManifest.xml:22:5-26:19
MERGED from [com.facebook.android:facebook-android-sdk:4.42.0] AndroidManifest.xml:28:5-29:19
MERGED from [com.facebook.android:facebook-android-sdk:4.42.0] AndroidManifest.xml:28:5-29:19
MERGED from [com.facebook.android:facebook-login:4.42.0] AndroidManifest.xml:28:5-29:19
MERGED from [com.facebook.android:facebook-login:4.42.0] AndroidManifest.xml:28:5-29:19
MERGED from [com.facebook.android:facebook-share:4.42.0] AndroidManifest.xml:28:5-29:19
MERGED from [com.facebook.android:facebook-share:4.42.0] AndroidManifest.xml:28:5-29:19
MERGED from [com.facebook.android:facebook-common:4.42.0] AndroidManifest.xml:28:5-35:19
MERGED from [com.facebook.android:facebook-common:4.42.0] AndroidManifest.xml:28:5-35:19
MERGED from [com.android.support:design:28.0.0] AndroidManifest.xml:22:5-20
MERGED from [com.android.support:design:28.0.0] AndroidManifest.xml:22:5-20
MERGED from [com.android.support.constraint:constraint-layout:1.1.3] AndroidManifest.xml:9:5-20
MERGED from [com.android.support.constraint:constraint-layout:1.1.3] AndroidManifest.xml:9:5-20
MERGED from [com.yandex.android:mobmetricalib:3.5.3] AndroidManifest.xml:23:5-79:19
MERGED from [com.yandex.android:mobmetricalib:3.5.3] AndroidManifest.xml:23:5-79:19
MERGED from [com.android.installreferrer:installreferrer:1.0] AndroidManifest.xml:11:5-20
MERGED from [com.android.installreferrer:installreferrer:1.0] AndroidManifest.xml:11:5-20
MERGED from [com.appsflyer:af-android-sdk:4.9.0] AndroidManifest.xml:11:5-12:19
MERGED from [com.appsflyer:af-android-sdk:4.9.0] AndroidManifest.xml:11:5-12:19
MERGED from [com.facebook.android:facebook-places:4.42.0] AndroidManifest.xml:28:5-29:19
MERGED from [com.facebook.android:facebook-places:4.42.0] AndroidManifest.xml:28:5-29:19
MERGED from [com.facebook.android:facebook-applinks:4.42.0] AndroidManifest.xml:28:5-29:19
MERGED from [com.facebook.android:facebook-applinks:4.42.0] AndroidManifest.xml:28:5-29:19
MERGED from [com.facebook.android:facebook-messenger:4.42.0] AndroidManifest.xml:28:5-29:19
MERGED from [com.facebook.android:facebook-messenger:4.42.0] AndroidManifest.xml:28:5-29:19
MERGED from [com.facebook.android:facebook-core:4.42.0] AndroidManifest.xml:28:5-51:19
MERGED from [com.facebook.android:facebook-core:4.42.0] AndroidManifest.xml:28:5-51:19
MERGED from [com.android.support:support-compat:28.0.0] AndroidManifest.xml:22:5-94
MERGED from [com.android.support:support-compat:28.0.0] AndroidManifest.xml:22:5-94
MERGED from [com.android.support:versionedparcelable:28.0.0] AndroidManifest.xml:22:5-23:19
MERGED from [com.android.support:versionedparcelable:28.0.0] AndroidManifest.xml:22:5-23:19
MERGED from [com.google.android.gms:play-services-ads-base:16.0.0] AndroidManifest.xml:22:5-20
MERGED from [com.google.android.gms:play-services-ads-base:16.0.0] AndroidManifest.xml:22:5-20
	android:appComponentFactory
		ADDED from [com.android.support:support-compat:28.0.0] AndroidManifest.xml:22:18-91
	android:supportsRtl
		ADDED from [com.facebook.android:facebook-android-sdk:4.42.0] AndroidManifest.xml:28:18-44
	android:label
		ADDED from src/main/AndroidManifest.xml:23:9-41
	tools:ignore
		ADDED from src/main/AndroidManifest.xml:26:9-48
	android:icon
		ADDED from src/main/AndroidManifest.xml:22:9-43
	android:allowBackup
		ADDED from src/main/AndroidManifest.xml:21:9-35
	android:theme
		ADDED from src/main/AndroidManifest.xml:24:9-40
	android:usesCleartextTraffic
		ADDED from src/main/AndroidManifest.xml:25:9-44
	android:name
		ADDED from src/main/AndroidManifest.xml:20:9-28
activity#com.app.lionnews.activity.NoConnectionActivity
ADDED from src/main/AndroidManifest.xml:27:9-76
	android:name
		ADDED from src/main/AndroidManifest.xml:27:19-64
receiver#com.appsflyer.SingleInstallBroadcastReceiver
ADDED from src/main/AndroidManifest.xml:29:9-35:20
	android:exported
		ADDED from src/main/AndroidManifest.xml:31:13-36
	android:name
		ADDED from src/main/AndroidManifest.xml:30:13-72
intent-filter#action:name:com.android.vending.INSTALL_REFERRER
ADDED from src/main/AndroidManifest.xml:32:13-34:29
action#com.android.vending.INSTALL_REFERRER
ADDED from src/main/AndroidManifest.xml:33:17-79
	android:name
		ADDED from src/main/AndroidManifest.xml:33:25-76
activity#com.app.lionnews.activity.BrowserActivity
ADDED from src/main/AndroidManifest.xml:37:9-42:67
	android:label
		ADDED from src/main/AndroidManifest.xml:41:13-45
	android:hardwareAccelerated
		ADDED from src/main/AndroidManifest.xml:40:13-47
	android:windowSoftInputMode
		ADDED from src/main/AndroidManifest.xml:42:13-55
	android:configChanges
		ADDED from src/main/AndroidManifest.xml:39:13-83
	android:name
		ADDED from src/main/AndroidManifest.xml:38:13-53
activity#com.app.lionnews.activity.StartUpActivity
ADDED from src/main/AndroidManifest.xml:43:9-54:20
	android:label
		ADDED from src/main/AndroidManifest.xml:47:13-45
	android:hardwareAccelerated
		ADDED from src/main/AndroidManifest.xml:46:13-47
	android:windowSoftInputMode
		ADDED from src/main/AndroidManifest.xml:48:13-55
	android:configChanges
		ADDED from src/main/AndroidManifest.xml:45:13-83
	android:name
		ADDED from src/main/AndroidManifest.xml:44:13-53
intent-filter#action:name:android.intent.action.MAIN+category:name:android.intent.category.LAUNCHER
ADDED from src/main/AndroidManifest.xml:49:13-53:29
action#android.intent.action.MAIN
ADDED from src/main/AndroidManifest.xml:50:17-69
	android:name
		ADDED from src/main/AndroidManifest.xml:50:25-66
category#android.intent.category.LAUNCHER
ADDED from src/main/AndroidManifest.xml:52:17-77
	android:name
		ADDED from src/main/AndroidManifest.xml:52:27-74
meta-data#com.google.android.gms.version
ADDED from src/main/AndroidManifest.xml:56:9-58:69
MERGED from [com.google.android.gms:play-services-basement:16.2.0] AndroidManifest.xml:23:9-25:69
MERGED from [com.google.android.gms:play-services-basement:16.2.0] AndroidManifest.xml:23:9-25:69
	android:value
		ADDED from src/main/AndroidManifest.xml:58:13-66
	android:name
		ADDED from src/main/AndroidManifest.xml:57:13-58
meta-data#com.facebook.sdk.ApplicationId
ADDED from src/main/AndroidManifest.xml:59:9-61:55
	android:value
		ADDED from src/main/AndroidManifest.xml:61:13-52
	android:name
		ADDED from src/main/AndroidManifest.xml:60:13-58
meta-data#com.facebook.sdk.AdvertiserIDCollectionEnabled
ADDED from src/main/AndroidManifest.xml:62:9-64:37
	android:value
		ADDED from src/main/AndroidManifest.xml:64:13-34
	android:name
		ADDED from src/main/AndroidManifest.xml:63:13-74
activity#com.app.lionnews.activity.MainActivity
ADDED from src/main/AndroidManifest.xml:69:9-92:20
	android:label
		ADDED from src/main/AndroidManifest.xml:73:13-45
	android:hardwareAccelerated
		ADDED from src/main/AndroidManifest.xml:72:13-47
	android:windowSoftInputMode
		ADDED from src/main/AndroidManifest.xml:74:13-55
	android:configChanges
		ADDED from src/main/AndroidManifest.xml:71:13-83
	android:name
		ADDED from src/main/AndroidManifest.xml:70:13-50
activity#com.google.android.gms.ads.AdActivity
ADDED from src/main/AndroidManifest.xml:93:9-95:125
MERGED from [com.google.android.gms:play-services-ads-lite:16.0.0] AndroidManifest.xml:29:9-33:64
MERGED from [com.google.android.gms:play-services-ads-lite:16.0.0] AndroidManifest.xml:29:9-33:64
	android:exported
		ADDED from [com.google.android.gms:play-services-ads-lite:16.0.0] AndroidManifest.xml:32:13-37
	android:configChanges
		ADDED from src/main/AndroidManifest.xml:95:13-122
	android:theme
		ADDED from [com.google.android.gms:play-services-ads-lite:16.0.0] AndroidManifest.xml:33:13-61
	android:name
		ADDED from src/main/AndroidManifest.xml:94:13-65
receiver#com.google.android.gms.analytics.AnalyticsReceiver
ADDED from src/main/AndroidManifest.xml:96:9-102:20
MERGED from [com.google.android.gms:play-services-analytics:16.0.8] AndroidManifest.xml:30:9-34:20
MERGED from [com.google.android.gms:play-services-analytics:16.0.8] AndroidManifest.xml:30:9-34:20
	android:enabled
		ADDED from src/main/AndroidManifest.xml:98:13-35
	android:exported
		ADDED from [com.google.android.gms:play-services-analytics:16.0.8] AndroidManifest.xml:33:13-37
	android:name
		ADDED from src/main/AndroidManifest.xml:97:13-78